<?xml version="1.0" encoding="UTF-8"?>
<beans xmlns="http://www.springframework.org/schema/beans"
       xmlns:xsi="http://www.w3.org/2001/XMLSchema-instance"
       xmlns:util="http://www.springframework.org/schema/util"
       xsi:schemaLocation=
               "http://www.springframework.org/schema/beans http://www.springframework.org/schema/beans/spring-beans.xsd
                http://www.springframework.org/schema/util http://www.springframework.org/schema/util/spring-util.xsd">

    <!-- mail.properties 읽기(보안상 올리지 않습니다.) -->
    <util:properties id="mail" location="properties/mail.properties"/>


    <bean id="dataSource" class="org.springframework.jdbc.datasource.SimpleDriverDataSource">
        <property name="driverClass" value="org.h2.Driver" />
        <property name="url" value="jdbc:h2:mem:test;DB_CLOSE_DELAY=-1;DB_CLOSE_ON_EXIT=FALSE" />
        <property name="username" value="test" />
        <property name="password" value="test" />
    </bean>

    <bean id="userDao" class="com.tistory.tobyspring.dao.UserDaoJdbc">
        <property name="dataSource" ref="dataSource"/>
    </bean>

    <bean id="testUserService" class="com.tistory.tobyspring.service.test.TestUserService">
        <property name="userDao" ref="userDao"/>
        <property name="userLevelUpgradePolicy" ref="userLevelUpgradePolicy"/>
    </bean>

    <bean id="userLevelUpgradePolicy" class="com.tistory.tobyspring.service.test.TestUserLevelUpgradePolicy" >
        <constructor-arg name="id" value="madnite1"/>
        <property name="userDao" ref="userDao"/>
        <property name="mailSender" ref="mailSender"/>
    </bean>

    <bean id="transactionManager" class="org.springframework.jdbc.datasource.DataSourceTransactionManager">
        <property name="dataSource" ref="dataSource"/>
    </bean>

    <bean id="mailSender" class="com.tistory.tobyspring.service.test.DummyMailSender"/>

    <bean id="message" class="com.tistory.tobyspring.factorybean.MessageFactoryBean">
        <property name="text" value="Factory Bean"/>
    </bean>
</beans>