<?xml version="1.0" encoding="UTF-8"?>
<!-- DaoFactory 클래스 -->
<beans xmlns="http://www.springframework.org/schema/beans"
       xmlns:xsi="http://www.w3.org/2001/XMLSchema-instance"
       xsi:schemaLocation="http://www.springframework.org/schema/beans http://www.springframework.org/schema/beans/spring-beans.xsd">

    <!-- @Bean dataSource Method -->
    <bean id="dataSource" class="org.springframework.jdbc.datasource.SimpleDriverDataSource">
        <property name="driverClass" value="org.h2.Driver" />
        <property name="url" value="jdbc:h2:mem:test;DB_CLOSE_DELAY=-1;DB_CLOSE_ON_EXIT=FALSE" />
        <property name="username" value="test" />
        <property name="password" value="test" />
    </bean>

    <!-- @Bean userDao Method -->
    <bean id="userDao" class="com.tistory.tobyspring.dao.UserDaoJdbc">
        <property name="dataSource" ref="dataSource"/>
    </bean>

    <!-- @Bean userService Method -->
    <bean id="userService" class="com.tistory.tobyspring.service.impl.SimpleUserService">
        <property name="userDao" ref="userDao"/>
        <property name="userLevelUpgradePolicy" ref="userLevelUpgradePolicy"/>
    </bean>

    <!-- @Bean userService Method -->
    <bean id="userLevelUpgradePolicy" class="com.tistory.tobyspring.service.impl.SimpleUserLevelUpgradePolicy">
        <property name="userDao" ref="userDao"/>
    </bean>
</beans>