<?xml version="1.0" encoding="UTF-8"?>
<beans xmlns="http://www.springframework.org/schema/beans"
       xmlns:xsi="http://www.w3.org/2001/XMLSchema-instance"
       xmlns:util="http://www.springframework.org/schema/util"
       xmlns:context="http://www.springframework.org/schema/context"
       xmlns:jdbc="http://www.springframework.org/schema/jdbc"
       xsi:schemaLocation=
               "http://www.springframework.org/schema/beans http://www.springframework.org/schema/beans/spring-beans.xsd
                http://www.springframework.org/schema/util http://www.springframework.org/schema/util/spring-util.xsd
                http://www.springframework.org/schema/context http://www.springframework.org/schema/context/spring-context.xsd
                http://www.springframework.org/schema/jdbc http://www.springframework.org/schema/jdbc/spring-jdbc.xsd">

    <!-- mail.properties 읽기(보안상 올리지 않습니다.) -->
    <util:properties id="mail" location="properties/mail.properties"/>

    <!-- 코드의 애노테이션을 이용하여 부가적인 빈 설정 -->
    <context:annotation-config />

    <bean id="dataSource" class="org.springframework.jdbc.datasource.SimpleDriverDataSource">
        <property name="driverClass" value="org.h2.Driver" />
        <property name="url" value="jdbc:h2:mem:test;DB_CLOSE_DELAY=-1;DB_CLOSE_ON_EXIT=FALSE" />
        <property name="username" value="test" />
        <property name="password" value="test" />
    </bean>

    <jdbc:embedded-database id="embeddedDatabase" type="H2">
        <jdbc:script location="classpath:sql/sqlmap.sql"/>
    </jdbc:embedded-database>

    <bean id="sqlService" class="com.tistory.tobyspring.dao.sql.OxmSqlService">
        <property name="unmarshaller" ref="unmarshaller"/>
        <property name="sqlRegistry" ref="sqlRegistry"/>
    </bean>

    <!--
        OXM 추상화 제공
    -->
    <bean id="unmarshaller" class="org.springframework.oxm.castor.CastorMarshaller">
        <property name="mappingLocation"
                  value="sqlmap/mapping.xml"/>
    </bean>
<!--
    <bean id="unmarshaller" class="org.springframework.oxm.jaxb.Jaxb2Marshaller">
        <property name="contextPath" value="com.tistory.tobyspring.dao.xml.jaxb"/>
    </bean>
-->

    <bean id="sqlRegistry" class="com.tistory.tobyspring.dao.sql.registry.EmbeddedDbSqlRegistry">
        <property name="dataSource" ref="embeddedDatabase"/>
    </bean>

    <bean id="userDao" class="com.tistory.tobyspring.dao.UserDaoJdbc">
        <property name="dataSource" ref="dataSource"/>
        <property name="sqlService" ref="sqlService"/>
    </bean>

    <bean id="testUserService" class="com.tistory.tobyspring.service.test.TestUserService">
        <property name="userDao" ref="userDao"/>
        <property name="userLevelUpgradePolicy" ref="userLevelUpgradePolicy"/>
    </bean>

    <bean id="userLevelUpgradePolicy" class="com.tistory.tobyspring.service.test.TestUserLevelUpgradePolicy" >
        <constructor-arg name="id" value="madnite1"/>
        <property name="userDao" ref="userDao"/>
        <property name="mailSender" ref="mailSender"/>
    </bean>

    <bean id="transactionManager" class="org.springframework.jdbc.datasource.DataSourceTransactionManager">
        <property name="dataSource" ref="dataSource"/>
    </bean>

    <bean id="mailSender" class="com.tistory.tobyspring.service.test.DummyMailSender"/>

    <bean id="message" class="com.tistory.tobyspring.factorybean.MessageFactoryBean">
        <property name="text" value="Factory Bean"/>
    </bean>

</beans>